07/23/2021,00:00:00,BA1300PP,0004,  2,  2,admin   
07/23/2021,00:14:55,BA1300PP,0200,  2,  4,admin   
07/23/2021,00:20:58,BA1300PP,0004,  2,  2,admin   
07/23/2021,00:21:13,BA1300PP,0246,  2,  4,admin   
07/23/2021,00:22:48,BA1300PP,0004,  2,  2,admin   
07/23/2021,00:28:43,BA1300PP,0054,  2,  3,admin   
07/23/2021,00:35:15,BA1300PP,0004,  2,  2,admin   
07/23/2021,00:50:27,BA1300PP,0052,  2,  3,admin   
07/23/2021,01:02:41,BA1300PP,0004,  2,  2,admin   
07/23/2021,01:25:18,BA1300PP,0008,  3,  3,admin   
07/23/2021,01:25:23,BA1300PP,0004,  2,  2,admin   
07/23/2021,01:30:57,BA1300PP,0054,  2,  3,admin   
07/23/2021,03:34:37,BA1300PP,0008,  3,  3,admin   
07/23/2021,03:34:38,BA1300PP,0004,  2,  2,admin   
07/23/2021,03:34:58,BA1300PP,0060,  2,  3,admin   
07/23/2021,03:37:51,BA1300PP,0004,  2,  2,admin   
07/23/2021,03:38:08,BA1300PP,0052,  2,  3,admin   
07/23/2021,03:38:24,BA1300PP,0004,  2,  2,admin   
07/23/2021,03:42:21,BA1300PP,0233,  2,  4,admin   
07/23/2021,03:43:11,BA1300PP,0004,  2,  2,admin   
07/23/2021,03:43:16,BA1300PP,0007,  3,  3,admin   
07/23/2021,03:51:58,BA1300PP,0004,  2,  2,admin   
07/23/2021,03:53:51,BA1300PP,0246,  2,  4,admin   
07/23/2021,03:54:26,BA1300PP,0004,  2,  2,admin   
07/23/2021,03:58:08,BA1300PP,0008,  3,  3,admin   
07/23/2021,03:58:16,BA1300PP,0004,  2,  2,admin   
07/23/2021,04:06:32,BA1300PP,0052,  2,  3,admin   
07/23/2021,04:14:40,BA1300PP,0004,  2,  2,admin   
07/23/2021,04:44:42,BA1300PP,0233,  2,  4,admin   
07/23/2021,04:47:43,BA1300PP,0004,  2,  2,admin   
07/23/2021,05:01:46,BA1300PP,0008,  3,  3,admin   
07/23/2021,05:01:51,BA1300PP,0004,  2,  2,admin   
07/23/2021,05:02:40,BA1300PP,0008,  3,  3,admin   
07/23/2021,05:04:57,BA1300PP,0004,  2,  2,admin   
07/23/2021,05:05:38,BA1300PP,0052,  2,  3,admin   
07/23/2021,05:06:32,BA1300PP,0004,  2,  2,admin   
07/23/2021,05:33:33,BA1300PP,0008,  3,  3,admin   
07/23/2021,05:33:45,BA1300PP,0004,  2,  2,admin   
07/23/2021,05:36:54,BA1300PP,0233,  2,  4,admin   
07/23/2021,05:37:38,BA1300PP,0004,  2,  2,admin   
07/23/2021,05:45:05,BA1300PP,0246,  2,  4,admin   
07/23/2021,05:46:22,BA1300PP,0004,  2,  2,admin   
07/23/2021,05:53:50,BA1300PP,0052,  2,  3,admin   
07/23/2021,05:56:33,BA1300PP,0004,  2,  2,admin   
07/23/2021,06:27:05,BA1300PP,0233,  2,  4,admin   
07/23/2021,06:31:18,BA1300PP,0004,  2,  2,admin   
07/23/2021,06:46:36,BA1300PP,0052,  2,  3,admin   
07/23/2021,06:52:09,BA1300PP,0004,  2,  2,admin   
07/23/2021,07:08:21,BA1300PP,0004,  2,  2,admin   
07/23/2021,07:08:27,BA1300PP,0008,  3,  3,admin   
07/23/2021,07:08:39,BA1300PP,0004,  2,  2,admin   
07/23/2021,07:23:49,BA1300PP,0233,  2,  4,admin   
07/23/2021,07:25:49,BA1300PP,0004,  2,  2,admin   
07/23/2021,07:27:37,BA1300PP,0008,  3,  3,admin   
07/23/2021,07:27:45,BA1300PP,0004,  2,  2,admin   
07/23/2021,07:37:21,BA1300PP,0009,  3,  3,admin   
07/23/2021,07:38:20,BA1300PP,0004,  2,  2,admin   
07/23/2021,07:42:45,BA1300PP,0052,  2,  3,admin   
07/23/2021,07:45:53,BA1300PP,0004,  2,  2,admin   
07/23/2021,08:10:01,BA1300PP,0008,  3,  3,admin   
07/23/2021,08:10:33,BA1300PP,0004,  2,  2,admin   
07/23/2021,08:16:08,BA1300PP,0233,  2,  4,admin   
07/23/2021,08:16:27,BA1300PP,0004,  2,  2,admin   
07/23/2021,08:39:27,BA1300PP,0060,  2,  3,admin   
07/23/2021,08:39:33,BA1300PP,0004,  2,  2,admin   
07/23/2021,08:39:50,BA1300PP,0052,  2,  3,admin   
07/23/2021,08:39:56,BA1300PP,0004,  2,  2,admin   
07/23/2021,09:06:25,BA1300PP,0004,  2,  2,admin   
07/23/2021,09:06:31,BA1300PP,0060,  2,  3,admin   
07/23/2021,09:06:33,BA1300PP,0004,  2,  2,admin   
07/23/2021,09:06:47,BA1300PP,0008,  3,  3,admin   
07/23/2021,09:06:54,BA1300PP,0004,  2,  2,admin   
07/23/2021,09:06:56,BA1300PP,0052,  2,  3,admin   
07/23/2021,09:07:00,BA1300PP,0004,  2,  2,admin   
07/23/2021,09:18:00,BA1300PP,0004,  2,  2,admin   
07/23/2021,09:32:00,BA1300PP,0004,  2,  2,admin   
07/23/2021,09:39:23,BA1300PP,0008,  3,  3,admin   
07/23/2021,09:40:58,BA1300PP,0004,  2,  2,admin   
07/23/2021,09:48:58,BA1300PP,0233,  2,  4,admin   
07/23/2021,09:54:44,BA1300PP,0004,  2,  2,admin   
07/23/2021,09:54:53,BA1300PP,0008,  3,  3,admin   
07/23/2021,09:55:01,BA1300PP,0004,  2,  2,admin   
07/23/2021,09:55:24,BA1300PP,0004,  2,  2,admin   
07/23/2021,10:04:00,BA1300PP,0004,  2,  2,admin   
07/23/2021,10:14:50,BA1300PP,0004,  2,  2,admin   
07/23/2021,10:14:59,BA1300PP,0004,  2,  2,admin   
07/23/2021,10:15:21,BA1300PP,0052,  2,  3,admin   
07/23/2021,10:15:31,BA1300PP,0004,  2,  2,admin   
07/23/2021,10:21:18,BA1300PP,0054,  2,  3,admin   
07/23/2021,10:31:29,BA1300PP,0004,  2,  2,admin   
07/23/2021,10:31:38,BA1300PP,0007,  3,  3,admin   
07/23/2021,11:26:42,BA1300PP,0004,  2,  2,admin   
07/23/2021,11:27:01,BA1300PP,0004,  2,  2,admin   
07/23/2021,11:27:07,BA1300PP,0060,  2,  3,admin   
07/23/2021,11:27:17,BA1300PP,0004,  2,  2,admin   
07/23/2021,11:27:34,BA1300PP,0052,  2,  3,admin   
07/23/2021,11:29:05,BA1300PP,0004,  2,  2,admin   
07/23/2021,11:40:08,BA1300PP,0004,  2,  2,admin   
07/23/2021,11:48:37,BA1300PP,0004,  2,  2,admin   
07/23/2021,11:48:49,BA1300PP,0004,  2,  2,admin   
07/23/2021,11:52:02,BA1300PP,0237,  2,  4,admin   
07/23/2021,11:53:53,BA1300PP,0004,  2,  2,admin   
07/23/2021,11:53:55,BA1300PP,0051,  2,  3,admin   
07/23/2021,11:54:12,BA1300PP,0004,  2,  2,admin   
07/23/2021,12:08:14,BA1300PP,0004,  2,  2,admin   
07/23/2021,12:23:49,BA1300PP,0060,  2,  3,admin   
07/23/2021,12:23:53,BA1300PP,0004,  2,  2,admin   
07/23/2021,12:24:09,BA1300PP,0052,  2,  3,admin   
07/23/2021,12:24:10,BA1300PP,0004,  2,  2,admin   
07/23/2021,12:30:02,BA1300PP,0008,  3,  3,admin   
07/23/2021,12:30:31,BA1300PP,0004,  2,  2,admin   
07/23/2021,12:31:29,BA1300PP,0004,  2,  2,admin   
07/23/2021,12:31:42,BA1300PP,0004,  2,  2,admin   
07/23/2021,12:32:25,BA1300PP,0004,  2,  2,admin     
07/23/2021,12:32:42,BA1300PP,0004,  2,  2,admin   
07/23/2021,12:40:05,BA1300PP,0008,  3,  3,admin   
07/23/2021,12:40:13,BA1300PP,0004,  2,  2,admin   
07/23/2021,12:40:13,BA1300PP,0052,  2,  3,admin   
07/23/2021,12:40:30,BA1300PP,0004,  2,  2,admin   
07/23/2021,12:41:18,BA1300PP,0004,  2,  2,admin    
07/23/2021,12:47:41,BA1300PP,0004,  2,  2,admin   
07/23/2021,12:48:11,BA1300PP,0233,  2,  4,admin   
07/23/2021,12:48:30,BA1300PP,0004,  2,  2,admin  
07/23/2021,12:49:06,BA1300PP,0004,  2,  2,admin   
07/23/2021,12:49:19,BA1300PP,0004,  2,  2,admin      
07/23/2021,13:03:37,BA1300PP,0008,  3,  3,admin   
07/23/2021,13:03:38,BA1300PP,0001,  0,  0,admin   
07/23/2021,13:03:39,BA1300PP,0002,  1,  1,admin   
07/23/2021,13:03:41,BA1300PP,0020,  1,  1,admin   
07/23/2021,13:03:43,BA1300PP,0023,  1,  1,admin   
07/23/2021,13:04:37,BA1300PP,0001,  0,  0,admin   
07/23/2021,13:04:42,BA1300PP,0002,  1,  1,admin   
07/23/2021,13:04:42,BA1300PP,0020,  1,  1,admin   
07/23/2021,13:05:06,BA1300PP,0022,  1,  1,admin   
07/23/2021,13:05:22,BA1300PP,0020,  1,  1,admin   
07/23/2021,13:05:23,BA1300PP,0025,  1,  1,admin   
07/23/2021,13:06:54,BA1300PP,0001,  0,  0,admin   
07/23/2021,13:06:56,BA1300PP,0002,  1,  1,admin   
07/23/2021,13:06:56,BA1300PP,0020,  1,  1,admin   
07/23/2021,13:06:58,BA1300PP,0022,  1,  1,admin   
07/23/2021,13:07:30,BA1300PP,0001,  0,  0,admin   
07/23/2021,13:07:31,BA1300PP,0002,  1,  1,admin   
07/23/2021,13:07:32,BA1300PP,0020,  1,  1,admin   
07/23/2021,13:07:35,BA1300PP,0025,  1,  1,admin   
07/23/2021,13:07:44,BA1300PP,0001,  0,  0,admin   
07/23/2021,13:07:47,BA1300PP,0014,  2,  3,admin   
07/23/2021,13:07:51,BA1300PP,0002,  2,  1,admin   
07/23/2021,13:07:51,BA1300PP,0001,  0,  0,admin   
07/23/2021,13:07:52,BA1300PP,0002,  2,  1,admin   
07/23/2021,13:07:52,BA1300PP,0004,  2,  2,admin   
07/23/2021,13:08:32,BA1300PP,0052,  2,  3,admin   
07/23/2021,13:08:53,BA1300PP,0004,  2,  2,admin   
07/23/2021,13:19:18,BA1300PP,0008,  3,  3,admin   
07/23/2021,13:19:21,BA1300PP,0004,  2,  2,admin   
07/23/2021,13:19:37,BA1300PP,0008,  3,  3,admin   
07/23/2021,13:19:53,BA1300PP,0004,  2,  2,admin   
07/23/2021,13:36:32,BA1300PP,0008,  3,  3,admin   
07/23/2021,13:36:39,BA1300PP,0004,  2,  2,admin   
07/23/2021,13:50:09,BA1300PP,0008,  3,  3,admin   
07/23/2021,13:50:12,BA1300PP,0004,  2,  2,admin   
07/23/2021,13:54:09,BA1300PP,0052,  2,  3,admin   
07/23/2021,13:54:27,BA1300PP,0004,  2,  2,admin   
07/23/2021,13:54:27,BA1300PP,0008,  3,  3,admin   
07/23/2021,13:54:30,BA1300PP,0004,  2,  2,admin   
07/23/2021,14:02:28,BA1300PP,0008,  3,  3,admin   
07/23/2021,14:02:32,BA1300PP,0004,  2,  2,admin   
07/23/2021,14:02:40,BA1300PP,0008,  3,  3,admin   
07/23/2021,14:02:53,BA1300PP,0004,  2,  2,admin   
07/23/2021,14:10:37,BA1300PP,0237,  2,  4,admin   
07/23/2021,14:10:45,BA1300PP,0004,  2,  2,admin   
07/23/2021,14:10:47,BA1300PP,0051,  2,  3,admin   
07/23/2021,14:11:02,BA1300PP,0004,  2,  2,admin   
07/23/2021,14:12:55,BA1300PP,0008,  3,  3,admin   
07/23/2021,14:13:07,BA1300PP,0004,  2,  2,admin   
07/23/2021,14:14:19,BA1300PP,0008,  3,  3,admin   
07/23/2021,14:14:24,BA1300PP,0004,  2,  2,admin   
07/23/2021,14:18:17,BA1300PP,0008,  3,  3,admin   
07/23/2021,14:18:22,BA1300PP,0004,  2,  2,admin   
07/23/2021,14:25:38,BA1300PP,0246,  2,  4,admin   
07/23/2021,14:26:00,BA1300PP,0004,  2,  2,admin   
07/23/2021,14:26:00,BA1300PP,0246,  2,  4,admin   
07/23/2021,14:26:10,BA1300PP,0004,  2,  2,admin   
07/23/2021,14:27:41,BA1300PP,0008,  3,  3,admin   
07/23/2021,14:27:44,BA1300PP,0004,  2,  2,admin   
07/23/2021,14:33:02,BA1300PP,0056,  2,  3,admin   
07/23/2021,14:34:58,BA1300PP,0004,  2,  2,admin   
07/23/2021,14:37:49,BA1300PP,0233,  2,  4,admin   
07/23/2021,14:40:48,BA1300PP,0004,  2,  2,admin   
07/23/2021,14:42:42,BA1300PP,0246,  2,  4,admin   
07/23/2021,14:46:30,BA1300PP,0004,  2,  2,admin   
07/23/2021,14:46:32,BA1300PP,0008,  3,  3,admin   
07/23/2021,14:46:37,BA1300PP,0004,  2,  2,admin   
07/23/2021,14:46:55,BA1300PP,0246,  2,  4,admin   
07/23/2021,14:49:44,BA1300PP,0008,  3,  3,admin   
07/23/2021,14:49:45,BA1300PP,0001,  0,  0,admin   
07/23/2021,14:49:47,BA1300PP,0002,  1,  1,admin   
07/23/2021,14:49:49,BA1300PP,0020,  1,  1,admin   
07/23/2021,14:49:54,BA1300PP,0025,  1,  1,admin   
07/23/2021,14:51:49,BA1300PP,0001,  0,  0,admin   
07/23/2021,14:51:50,BA1300PP,0002,  2,  1,admin   
07/23/2021,14:51:50,BA1300PP,0004,  2,  2,admin   
07/23/2021,14:52:24,BA1300PP,0222,  2,  4,admin   
07/23/2021,14:52:38,BA1300PP,0004,  2,  2,admin   
07/23/2021,14:52:49,BA1300PP,0222,  2,  4,admin   
07/23/2021,14:52:55,BA1300PP,0008,  3,  3,admin   
07/23/2021,14:53:01,BA1300PP,0004,  2,  2,admin   
07/23/2021,14:53:12,BA1300PP,0052,  2,  3,admin   
07/23/2021,14:53:23,BA1300PP,0004,  2,  2,admin   
07/23/2021,14:57:18,BA1300PP,0246,  2,  4,admin   
07/23/2021,14:58:58,BA1300PP,0004,  2,  2,admin   
07/23/2021,15:01:14,BA1300PP,0233,  2,  4,admin   
07/23/2021,15:05:22,BA1300PP,0004,  2,  2,admin   
07/23/2021,15:38:18,BA1300PP,0009,  3,  3,admin   
07/23/2021,15:39:27,BA1300PP,0004,  2,  2,admin   
07/23/2021,15:40:05,BA1300PP,0237,  2,  4,admin   
07/23/2021,15:40:37,BA1300PP,0004,  2,  2,admin   
07/23/2021,15:40:39,BA1300PP,0051,  2,  3,admin   
07/23/2021,15:40:47,BA1300PP,0004,  2,  2,admin   
07/23/2021,15:40:56,BA1300PP,0008,  3,  3,admin   
07/23/2021,15:41:03,BA1300PP,0004,  2,  2,admin   
07/23/2021,15:46:57,BA1300PP,0054,  2,  3,admin   
07/23/2021,15:50:15,BA1300PP,0008,  3,  3,admin   
07/23/2021,15:50:15,BA1300PP,0004,  2,  2,admin   
07/23/2021,15:50:58,BA1300PP,0233,  2,  4,admin   
07/23/2021,15:51:45,BA1300PP,0004,  2,  2,admin   
07/23/2021,15:53:47,BA1300PP,0246,  2,  4,admin   
07/23/2021,15:56:13,BA1300PP,0004,  2,  2,admin   
07/23/2021,15:56:35,BA1300PP,0052,  2,  3,admin   
07/23/2021,15:58:00,BA1300PP,0004,  2,  2,admin   
07/23/2021,15:58:04,BA1300PP,0008,  3,  3,admin   
07/23/2021,15:58:09,BA1300PP,0004,  2,  2,admin   
07/23/2021,15:58:34,BA1300PP,0008,  3,  3,admin   
07/23/2021,16:03:04,BA1300PP,0004,  2,  2,admin   
07/23/2021,16:04:20,BA1300PP,0050,  2,  3,admin   
07/23/2021,16:04:31,BA1300PP,0004,  2,  2,admin   
07/23/2021,16:08:25,BA1300PP,0246,  2,  4,admin   
07/23/2021,16:10:11,BA1300PP,0004,  2,  2,admin   
07/23/2021,16:33:26,BA1300PP,0246,  2,  4,admin   
07/23/2021,16:34:17,BA1300PP,0004,  2,  2,admin   
07/23/2021,16:34:29,BA1300PP,0008,  3,  3,admin   
07/23/2021,16:34:45,BA1300PP,0004,  2,  2,admin   
07/23/2021,16:38:39,BA1300PP,0246,  2,  4,admin   
07/23/2021,16:41:18,BA1300PP,0004,  2,  2,admin   
07/23/2021,16:41:39,BA1300PP,0246,  2,  4,admin   
07/23/2021,16:43:00,BA1300PP,0004,  2,  2,admin   
07/23/2021,16:43:07,BA1300PP,0008,  3,  3,admin   
07/23/2021,16:43:15,BA1300PP,0004,  2,  2,admin   
07/23/2021,16:45:27,BA1300PP,0246,  2,  4,admin   
07/23/2021,16:45:55,BA1300PP,0004,  2,  2,admin   
07/23/2021,16:56:18,BA1300PP,0052,  2,  3,admin   
07/23/2021,16:57:38,BA1300PP,0004,  2,  2,admin   
07/23/2021,16:57:42,BA1300PP,0008,  3,  3,admin   
07/23/2021,16:57:46,BA1300PP,0004,  2,  2,admin   
07/23/2021,17:12:34,BA1300PP,0246,  2,  4,admin   
07/23/2021,17:13:11,BA1300PP,0004,  2,  2,admin   
07/23/2021,17:22:08,BA1300PP,0008,  3,  3,admin   
07/23/2021,17:22:12,BA1300PP,0004,  2,  2,admin   
07/23/2021,17:30:17,BA1300PP,0246,  2,  4,admin   
07/23/2021,17:30:43,BA1300PP,0004,  2,  2,admin   
07/23/2021,17:30:44,BA1300PP,0246,  2,  4,admin   
07/23/2021,17:30:45,BA1300PP,0004,  2,  2,admin   
07/23/2021,17:31:06,BA1300PP,0246,  2,  4,admin   
07/23/2021,17:31:15,BA1300PP,0004,  2,  2,admin   
07/23/2021,17:32:25,BA1300PP,0008,  3,  3,admin   
07/23/2021,17:32:31,BA1300PP,0004,  2,  2,admin   
07/23/2021,17:51:13,BA1300PP,0052,  2,  3,admin   
07/23/2021,17:52:04,BA1300PP,0004,  2,  2,admin   
07/23/2021,17:52:05,BA1300PP,0008,  3,  3,admin   
07/23/2021,17:52:11,BA1300PP,0004,  2,  2,admin   
07/23/2021,17:58:28,BA1300PP,0246,  2,  4,admin   
07/23/2021,17:58:47,BA1300PP,0004,  2,  2,admin   
07/23/2021,18:11:15,BA1300PP,0008,  3,  3,admin   
07/23/2021,18:11:18,BA1300PP,0004,  2,  2,admin   
07/23/2021,18:21:39,BA1300PP,0246,  2,  4,admin   
07/23/2021,18:22:21,BA1300PP,0004,  2,  2,admin   
07/23/2021,18:22:46,BA1300PP,0008,  3,  3,admin   
07/23/2021,18:22:58,BA1300PP,0004,  2,  2,admin   
07/23/2021,18:29:17,BA1300PP,0008,  3,  3,admin   
07/23/2021,18:29:19,BA1300PP,0004,  2,  2,admin   
07/23/2021,18:36:48,BA1300PP,0008,  3,  3,admin   
07/23/2021,18:36:52,BA1300PP,0004,  2,  2,admin   
07/23/2021,18:44:42,BA1300PP,0052,  2,  3,admin   
07/23/2021,18:46:52,BA1300PP,0004,  2,  2,admin   
07/23/2021,18:46:52,BA1300PP,0008,  3,  3,admin   
07/23/2021,18:46:55,BA1300PP,0004,  2,  2,admin   
07/23/2021,18:52:27,BA1300PP,0246,  2,  4,admin   
07/23/2021,18:53:57,BA1300PP,0004,  2,  2,admin   
07/23/2021,19:02:08,BA1300PP,0246,  2,  4,admin   
07/23/2021,19:03:15,BA1300PP,0004,  2,  2,admin   
07/23/2021,19:04:17,BA1300PP,0246,  2,  4,admin   
07/23/2021,19:05:42,BA1300PP,0004,  2,  2,admin   
07/23/2021,19:11:45,BA1300PP,0237,  2,  4,admin   
07/23/2021,19:13:26,BA1300PP,0004,  2,  2,admin   
07/23/2021,19:13:28,BA1300PP,0051,  2,  3,admin   
07/23/2021,19:13:41,BA1300PP,0004,  2,  2,admin   
07/23/2021,19:13:53,BA1300PP,0237,  2,  4,admin   
07/23/2021,19:13:56,BA1300PP,0004,  2,  2,admin   
07/23/2021,19:13:57,BA1300PP,0051,  2,  3,admin   
07/23/2021,19:14:14,BA1300PP,0004,  2,  2,admin   
07/23/2021,19:14:37,BA1300PP,0246,  2,  4,admin   
07/23/2021,19:14:43,BA1300PP,0004,  2,  2,admin   
07/23/2021,19:23:03,BA1300PP,0246,  2,  4,admin   
07/23/2021,19:23:31,BA1300PP,0004,  2,  2,admin   
07/23/2021,19:37:42,BA1300PP,0246,  2,  4,admin   
07/23/2021,19:39:22,BA1300PP,0004,  2,  2,admin   
07/23/2021,19:39:28,BA1300PP,0008,  3,  3,admin   
07/23/2021,19:39:32,BA1300PP,0004,  2,  2,admin   
07/23/2021,19:43:31,BA1300PP,0233,  2,  4,admin   
07/23/2021,19:44:24,BA1300PP,0004,  2,  2,admin   
07/23/2021,19:44:44,BA1300PP,0246,  2,  4,admin   
07/23/2021,19:45:35,BA1300PP,0004,  2,  2,admin   
07/23/2021,19:48:07,BA1300PP,0052,  2,  3,admin   
07/23/2021,19:50:08,BA1300PP,0004,  2,  2,admin   
07/23/2021,20:19:34,BA1300PP,0246,  2,  4,admin   
07/23/2021,20:23:06,BA1300PP,0004,  2,  2,admin   
07/23/2021,20:28:02,BA1300PP,0233,  2,  4,admin   
07/23/2021,20:29:11,BA1300PP,0004,  2,  2,admin   
07/23/2021,20:29:30,BA1300PP,0246,  2,  4,admin   
07/23/2021,20:29:55,BA1300PP,0004,  2,  2,admin   
07/23/2021,20:40:05,BA1300PP,0246,  2,  4,admin   
07/23/2021,20:42:32,BA1300PP,0004,  2,  2,admin   
07/23/2021,20:48:25,BA1300PP,0052,  2,  3,admin   
07/23/2021,20:48:40,BA1300PP,0004,  2,  2,admin   
07/23/2021,20:50:43,BA1300PP,0246,  2,  4,admin   
07/23/2021,20:52:06,BA1300PP,0004,  2,  2,admin   
07/23/2021,21:02:01,BA1300PP,0008,  3,  3,admin   
07/23/2021,21:02:18,BA1300PP,0004,  2,  2,admin   
07/23/2021,21:08:51,BA1300PP,0246,  2,  4,admin   
07/23/2021,21:09:07,BA1300PP,0004,  2,  2,admin   
07/23/2021,21:09:08,BA1300PP,0246,  2,  4,admin   
07/23/2021,21:09:10,BA1300PP,0004,  2,  2,admin   
07/23/2021,21:09:10,BA1300PP,0246,  2,  4,admin   
07/23/2021,21:09:20,BA1300PP,0004,  2,  2,admin   
07/23/2021,21:09:41,BA1300PP,0246,  2,  4,admin   
07/23/2021,21:11:01,BA1300PP,0004,  2,  2,admin   
07/23/2021,21:11:02,BA1300PP,0246,  2,  4,admin   
07/23/2021,21:11:05,BA1300PP,0004,  2,  2,admin   
07/23/2021,21:11:05,BA1300PP,0246,  2,  4,admin   
07/23/2021,21:11:16,BA1300PP,0004,  2,  2,admin   
07/23/2021,21:11:16,BA1300PP,0246,  2,  4,admin   
07/23/2021,21:11:19,BA1300PP,0004,  2,  2,admin   
07/23/2021,21:11:19,BA1300PP,0246,  2,  4,admin   
07/23/2021,21:11:32,BA1300PP,0004,  2,  2,admin   
07/23/2021,21:18:52,BA1300PP,0246,  2,  4,admin   
07/23/2021,21:19:12,BA1300PP,0004,  2,  2,admin   
07/23/2021,21:19:13,BA1300PP,0246,  2,  4,admin   
07/23/2021,21:19:26,BA1300PP,0004,  2,  2,admin   
07/23/2021,21:27:14,BA1300PP,0246,  2,  4,admin   
07/23/2021,21:28:24,BA1300PP,0004,  2,  2,admin   
07/23/2021,21:38:09,BA1300PP,0246,  2,  4,admin   
07/23/2021,21:38:46,BA1300PP,0004,  2,  2,admin   
07/23/2021,21:38:47,BA1300PP,0008,  3,  3,admin   
07/23/2021,21:38:53,BA1300PP,0004,  2,  2,admin   
07/23/2021,21:45:08,BA1300PP,0052,  2,  3,admin   
07/23/2021,21:46:31,BA1300PP,0004,  2,  2,admin   
07/23/2021,21:48:34,BA1300PP,0246,  2,  4,admin   
07/23/2021,21:49:46,BA1300PP,0004,  2,  2,admin   
07/23/2021,21:49:47,BA1300PP,0246,  2,  4,admin   
07/23/2021,21:49:55,BA1300PP,0004,  2,  2,admin   
07/23/2021,21:57:43,BA1300PP,0246,  2,  4,admin   
07/23/2021,21:58:58,BA1300PP,0004,  2,  2,admin   
07/23/2021,22:02:33,BA1300PP,0008,  3,  3,admin   
07/23/2021,22:02:41,BA1300PP,0004,  2,  2,admin   
07/23/2021,22:06:55,BA1300PP,0246,  2,  4,admin   
07/23/2021,22:08:03,BA1300PP,0004,  2,  2,admin   
07/23/2021,22:16:01,BA1300PP,0246,  2,  4,admin   
07/23/2021,22:16:26,BA1300PP,0004,  2,  2,admin   
07/23/2021,22:16:26,BA1300PP,0246,  2,  4,admin   
07/23/2021,22:16:46,BA1300PP,0004,  2,  2,admin   
07/23/2021,22:20:47,BA1300PP,0237,  2,  4,admin   
07/23/2021,22:21:51,BA1300PP,0004,  2,  2,admin   
07/23/2021,22:21:52,BA1300PP,0051,  2,  3,admin   
07/23/2021,22:22:23,BA1300PP,0004,  2,  2,admin   
07/23/2021,22:25:32,BA1300PP,0246,  2,  4,admin   
07/23/2021,22:27:25,BA1300PP,0004,  2,  2,admin   
07/23/2021,22:27:29,BA1300PP,0008,  3,  3,admin   
07/23/2021,22:27:33,BA1300PP,0004,  2,  2,admin   
07/23/2021,22:27:57,BA1300PP,0233,  2,  4,admin   
07/23/2021,22:28:05,BA1300PP,0004,  2,  2,admin   
07/23/2021,22:28:08,BA1300PP,0008,  3,  3,admin   
